The system is: Linux - 4.4.13-yocto-standard - x86_64
Compiling the C compiler identification source file "CMakeCCompilerId.c" succeeded.
Compiler: /usr/bin/cc 
Build flags: 
Id flags: 

The output was:
0


Compilation of the C compiler identification source "CMakeCCompilerId.c" produced "a.out"

The C compiler identification is GNU, found in "/home/root/Work/nemoapps/build/CMakeFiles/3.4.3/CompilerIdC/a.out"

Compiling the CXX compiler identification source file "CMakeCXXCompilerId.cpp" succeeded.
Compiler: /usr/bin/c++ 
Build flags: 
Id flags: 

The output was:
0


Compilation of the CXX compiler identification source "CMakeCXXCompilerId.cpp" produced "a.out"

The CXX compiler identification is GNU, found in "/home/root/Work/nemoapps/build/CMakeFiles/3.4.3/CompilerIdCXX/a.out"

Determining if the C compiler works passed with the following output:
Change Dir: /home/root/Work/nemoapps/build/CMakeFiles/CMakeTmp

Run Build Command:"/usr/bin/make" "cmTC_ebcfb/fast"
/usr/bin/make -f CMakeFiles/cmTC_ebcfb.dir/build.make CMakeFiles/cmTC_ebcfb.dir/build
make[1]: Entering directory '/home/root/Work/nemoapps/build/CMakeFiles/CMakeTmp'
Building C object CMakeFiles/cmTC_ebcfb.dir/testCCompiler.c.o
/usr/bin/cc     -o CMakeFiles/cmTC_ebcfb.dir/testCCompiler.c.o   -c /home/root/Work/nemoapps/build/CMakeFiles/CMakeTmp/testCCompiler.c
Linking C executable cmTC_ebcfb
/usr/bin/cmake -E cmake_link_script CMakeFiles/cmTC_ebcfb.dir/link.txt --verbose=1
/usr/bin/cc       CMakeFiles/cmTC_ebcfb.dir/testCCompiler.c.o  -o cmTC_ebcfb -rdynamic 
make[1]: Leaving directory '/home/root/Work/nemoapps/build/CMakeFiles/CMakeTmp'


Detecting C compiler ABI info compiled with the following output:
Change Dir: /home/root/Work/nemoapps/build/CMakeFiles/CMakeTmp

Run Build Command:"/usr/bin/make" "cmTC_43c01/fast"
/usr/bin/make -f CMakeFiles/cmTC_43c01.dir/build.make CMakeFiles/cmTC_43c01.dir/build
make[1]: Entering directory '/home/root/Work/nemoapps/build/CMakeFiles/CMakeTmp'
Building C object CMakeFiles/cmTC_43c01.dir/CMakeCCompilerABI.c.o
/usr/bin/cc     -o CMakeFiles/cmTC_43c01.dir/CMakeCCompilerABI.c.o   -c /usr/share/cmake-3.4/Modules/CMakeCCompilerABI.c
Linking C executable cmTC_43c01
/usr/bin/cmake -E cmake_link_script CMakeFiles/cmTC_43c01.dir/link.txt --verbose=1
/usr/bin/cc      -v CMakeFiles/cmTC_43c01.dir/CMakeCCompilerABI.c.o  -o cmTC_43c01 -rdynamic  
Using built-in specs.
COLLECT_GCC=/usr/bin/cc
COLLECT_LTO_WRAPPER=/usr/libexec/gcc/x86_64-poky-linux/5.3.0/lto-wrapper
Target: x86_64-poky-linux
Configured with: ../../../../../../work-shared/gcc-5.3.0-r0/gcc-5.3.0/configure --build=x86_64-linux --host=x86_64-poky-linux --target=x86_64-poky-linux --prefix=/usr --exec_prefix=/usr --bindir=/usr/bin --sbindir=/usr/sbin --libexecdir=/usr/libexec --datadir=/usr/share --sysconfdir=/etc --sharedstatedir=/com --localstatedir=/var --libdir=/usr/lib64 --includedir=/usr/include --oldincludedir=/usr/include --infodir=/usr/share/info --mandir=/usr/share/man --disable-silent-rules --disable-dependency-tracking --with-libtool-sysroot=/home/gtgkjh/Work/build_2.1/tmp/sysroots/intel-corei7-64 --with-gnu-ld --enable-shared --enable-languages=c,c++ --enable-threads=posix --enable-multilib --enable-c99 --enable-long-long --enable-symvers=gnu --enable-libstdcxx-pch --program-prefix=x86_64-poky-linux- --without-local-prefix --enable-lto --enable-libssp --enable-libitm --disable-bootstrap --disable-libmudflap --with-system-zlib --with-linker-hash-style=gnu --enable-linker-build-id --with-ppl=no --with-cloog=no --enable-checking=release --enable-cheaders=c_global --without-isl --with-sysroot=/ --with-build-sysroot=/home/gtgkjh/Work/build_2.1/tmp/sysroots/intel-corei7-64 --with-gxx-include-dir=/usr/include/c++/5.3.0 --disable-static --enable-nls --enable-__cxa_atexit
Thread model: posix
gcc version 5.3.0 (GCC) 
COMPILER_PATH=/usr/libexec/gcc/x86_64-poky-linux/5.3.0/:/usr/libexec/gcc/x86_64-poky-linux/5.3.0/:/usr/libexec/gcc/x86_64-poky-linux/:/usr/lib64/gcc/x86_64-poky-linux/5.3.0/:/usr/lib64/gcc/x86_64-poky-linux/:/usr/lib64/gcc/x86_64-poky-linux/5.3.0/../../../../x86_64-poky-linux/bin/
LIBRARY_PATH=/usr/lib64/gcc/x86_64-poky-linux/5.3.0/:/usr/lib64/gcc/x86_64-poky-linux/5.3.0/../../../../lib64/x86_64-poky-linux/5.3.0/:/usr/lib64/gcc/x86_64-poky-linux/5.3.0/../../../x86_64-poky-linux/5.3.0/:/usr/lib64/gcc/x86_64-poky-linux/5.3.0/../../../../lib64/:/lib64/../lib64/:/usr/lib64/../lib64/x86_64-poky-linux/5.3.0/:/usr/lib64/x86_64-poky-linux/5.3.0/:/usr/lib64/../lib64/:/usr/lib64/gcc/x86_64-poky-linux/5.3.0/../../../:/lib64/:/usr/lib64/
COLLECT_GCC_OPTIONS='-v' '-o' 'cmTC_43c01' '-rdynamic' '-mtune=generic' '-march=x86-64'
 /usr/libexec/gcc/x86_64-poky-linux/5.3.0/collect2 -plugin /usr/libexec/gcc/x86_64-poky-linux/5.3.0/liblto_plugin.so -plugin-opt=/usr/libexec/gcc/x86_64-poky-linux/5.3.0/lto-wrapper -plugin-opt=-fresolution=/tmp/cc7oG46P.res -plugin-opt=-pass-through=-lgcc -plugin-opt=-pass-through=-lgcc_s -plugin-opt=-pass-through=-lc -plugin-opt=-pass-through=-lgcc -plugin-opt=-pass-through=-lgcc_s --sysroot=/ --build-id --eh-frame-hdr --hash-style=gnu -m elf_x86_64 -export-dynamic -dynamic-linker /lib64/ld-linux-x86-64.so.2 -o cmTC_43c01 /usr/lib64/gcc/x86_64-poky-linux/5.3.0/../../../../lib64/crt1.o /usr/lib64/gcc/x86_64-poky-linux/5.3.0/../../../../lib64/crti.o /usr/lib64/gcc/x86_64-poky-linux/5.3.0/../../../../lib64/x86_64-poky-linux/5.3.0/crtbegin.o -L/usr/lib64/gcc/x86_64-poky-linux/5.3.0 -L/usr/lib64/gcc/x86_64-poky-linux/5.3.0/../../../../lib64/x86_64-poky-linux/5.3.0 -L/usr/lib64/gcc/x86_64-poky-linux/5.3.0/../../../x86_64-poky-linux/5.3.0 -L/usr/lib64/gcc/x86_64-poky-linux/5.3.0/../../../../lib64 -L/lib64/../lib64 -L/usr/lib64/../lib64/x86_64-poky-linux/5.3.0 -L/usr/lib64/x86_64-poky-linux/5.3.0 -L/usr/lib64/../lib64 -L/usr/lib64/gcc/x86_64-poky-linux/5.3.0/../../.. -L/lib64 -L/usr/lib64 CMakeFiles/cmTC_43c01.dir/CMakeCCompilerABI.c.o -lgcc --as-needed -lgcc_s --no-as-needed -lc -lgcc --as-needed -lgcc_s --no-as-needed /usr/lib64/gcc/x86_64-poky-linux/5.3.0/../../../../lib64/x86_64-poky-linux/5.3.0/crtend.o /usr/lib64/gcc/x86_64-poky-linux/5.3.0/../../../../lib64/crtn.o
make[1]: Leaving directory '/home/root/Work/nemoapps/build/CMakeFiles/CMakeTmp'


Parsed C implicit link information from above output:
  link line regex: [^( *|.*[/\])(ld|([^/\]+-)?ld|collect2)[^/\]*( |$)]
  ignore line: [Change Dir: /home/root/Work/nemoapps/build/CMakeFiles/CMakeTmp]
  ignore line: []
  ignore line: [Run Build Command:"/usr/bin/make" "cmTC_43c01/fast"]
  ignore line: [/usr/bin/make -f CMakeFiles/cmTC_43c01.dir/build.make CMakeFiles/cmTC_43c01.dir/build]
  ignore line: [make[1]: Entering directory '/home/root/Work/nemoapps/build/CMakeFiles/CMakeTmp']
  ignore line: [Building C object CMakeFiles/cmTC_43c01.dir/CMakeCCompilerABI.c.o]
  ignore line: [/usr/bin/cc     -o CMakeFiles/cmTC_43c01.dir/CMakeCCompilerABI.c.o   -c /usr/share/cmake-3.4/Modules/CMakeCCompilerABI.c]
  ignore line: [Linking C executable cmTC_43c01]
  ignore line: [/usr/bin/cmake -E cmake_link_script CMakeFiles/cmTC_43c01.dir/link.txt --verbose=1]
  ignore line: [/usr/bin/cc      -v CMakeFiles/cmTC_43c01.dir/CMakeCCompilerABI.c.o  -o cmTC_43c01 -rdynamic  ]
  ignore line: [Using built-in specs.]
  ignore line: [COLLECT_GCC=/usr/bin/cc]
  ignore line: [COLLECT_LTO_WRAPPER=/usr/libexec/gcc/x86_64-poky-linux/5.3.0/lto-wrapper]
  ignore line: [Target: x86_64-poky-linux]
  ignore line: [Configured with: ../../../../../../work-shared/gcc-5.3.0-r0/gcc-5.3.0/configure --build=x86_64-linux --host=x86_64-poky-linux --target=x86_64-poky-linux --prefix=/usr --exec_prefix=/usr --bindir=/usr/bin --sbindir=/usr/sbin --libexecdir=/usr/libexec --datadir=/usr/share --sysconfdir=/etc --sharedstatedir=/com --localstatedir=/var --libdir=/usr/lib64 --includedir=/usr/include --oldincludedir=/usr/include --infodir=/usr/share/info --mandir=/usr/share/man --disable-silent-rules --disable-dependency-tracking --with-libtool-sysroot=/home/gtgkjh/Work/build_2.1/tmp/sysroots/intel-corei7-64 --with-gnu-ld --enable-shared --enable-languages=c,c++ --enable-threads=posix --enable-multilib --enable-c99 --enable-long-long --enable-symvers=gnu --enable-libstdcxx-pch --program-prefix=x86_64-poky-linux- --without-local-prefix --enable-lto --enable-libssp --enable-libitm --disable-bootstrap --disable-libmudflap --with-system-zlib --with-linker-hash-style=gnu --enable-linker-build-id --with-ppl=no --with-cloog=no --enable-checking=release --enable-cheaders=c_global --without-isl --with-sysroot=/ --with-build-sysroot=/home/gtgkjh/Work/build_2.1/tmp/sysroots/intel-corei7-64 --with-gxx-include-dir=/usr/include/c++/5.3.0 --disable-static --enable-nls --enable-__cxa_atexit]
  ignore line: [Thread model: posix]
  ignore line: [gcc version 5.3.0 (GCC) ]
  ignore line: [COMPILER_PATH=/usr/libexec/gcc/x86_64-poky-linux/5.3.0/:/usr/libexec/gcc/x86_64-poky-linux/5.3.0/:/usr/libexec/gcc/x86_64-poky-linux/:/usr/lib64/gcc/x86_64-poky-linux/5.3.0/:/usr/lib64/gcc/x86_64-poky-linux/:/usr/lib64/gcc/x86_64-poky-linux/5.3.0/../../../../x86_64-poky-linux/bin/]
  ignore line: [LIBRARY_PATH=/usr/lib64/gcc/x86_64-poky-linux/5.3.0/:/usr/lib64/gcc/x86_64-poky-linux/5.3.0/../../../../lib64/x86_64-poky-linux/5.3.0/:/usr/lib64/gcc/x86_64-poky-linux/5.3.0/../../../x86_64-poky-linux/5.3.0/:/usr/lib64/gcc/x86_64-poky-linux/5.3.0/../../../../lib64/:/lib64/../lib64/:/usr/lib64/../lib64/x86_64-poky-linux/5.3.0/:/usr/lib64/x86_64-poky-linux/5.3.0/:/usr/lib64/../lib64/:/usr/lib64/gcc/x86_64-poky-linux/5.3.0/../../../:/lib64/:/usr/lib64/]
  ignore line: [COLLECT_GCC_OPTIONS='-v' '-o' 'cmTC_43c01' '-rdynamic' '-mtune=generic' '-march=x86-64']
  link line: [ /usr/libexec/gcc/x86_64-poky-linux/5.3.0/collect2 -plugin /usr/libexec/gcc/x86_64-poky-linux/5.3.0/liblto_plugin.so -plugin-opt=/usr/libexec/gcc/x86_64-poky-linux/5.3.0/lto-wrapper -plugin-opt=-fresolution=/tmp/cc7oG46P.res -plugin-opt=-pass-through=-lgcc -plugin-opt=-pass-through=-lgcc_s -plugin-opt=-pass-through=-lc -plugin-opt=-pass-through=-lgcc -plugin-opt=-pass-through=-lgcc_s --sysroot=/ --build-id --eh-frame-hdr --hash-style=gnu -m elf_x86_64 -export-dynamic -dynamic-linker /lib64/ld-linux-x86-64.so.2 -o cmTC_43c01 /usr/lib64/gcc/x86_64-poky-linux/5.3.0/../../../../lib64/crt1.o /usr/lib64/gcc/x86_64-poky-linux/5.3.0/../../../../lib64/crti.o /usr/lib64/gcc/x86_64-poky-linux/5.3.0/../../../../lib64/x86_64-poky-linux/5.3.0/crtbegin.o -L/usr/lib64/gcc/x86_64-poky-linux/5.3.0 -L/usr/lib64/gcc/x86_64-poky-linux/5.3.0/../../../../lib64/x86_64-poky-linux/5.3.0 -L/usr/lib64/gcc/x86_64-poky-linux/5.3.0/../../../x86_64-poky-linux/5.3.0 -L/usr/lib64/gcc/x86_64-poky-linux/5.3.0/../../../../lib64 -L/lib64/../lib64 -L/usr/lib64/../lib64/x86_64-poky-linux/5.3.0 -L/usr/lib64/x86_64-poky-linux/5.3.0 -L/usr/lib64/../lib64 -L/usr/lib64/gcc/x86_64-poky-linux/5.3.0/../../.. -L/lib64 -L/usr/lib64 CMakeFiles/cmTC_43c01.dir/CMakeCCompilerABI.c.o -lgcc --as-needed -lgcc_s --no-as-needed -lc -lgcc --as-needed -lgcc_s --no-as-needed /usr/lib64/gcc/x86_64-poky-linux/5.3.0/../../../../lib64/x86_64-poky-linux/5.3.0/crtend.o /usr/lib64/gcc/x86_64-poky-linux/5.3.0/../../../../lib64/crtn.o]
    arg [/usr/libexec/gcc/x86_64-poky-linux/5.3.0/collect2] ==> ignore
    arg [-plugin] ==> ignore
    arg [/usr/libexec/gcc/x86_64-poky-linux/5.3.0/liblto_plugin.so] ==> ignore
    arg [-plugin-opt=/usr/libexec/gcc/x86_64-poky-linux/5.3.0/lto-wrapper] ==> ignore
    arg [-plugin-opt=-fresolution=/tmp/cc7oG46P.res] ==> ignore
    arg [-plugin-opt=-pass-through=-lgcc] ==> ignore
    arg [-plugin-opt=-pass-through=-lgcc_s] ==> ignore
    arg [-plugin-opt=-pass-through=-lc] ==> ignore
    arg [-plugin-opt=-pass-through=-lgcc] ==> ignore
    arg [-plugin-opt=-pass-through=-lgcc_s] ==> ignore
    arg [--sysroot=/] ==> ignore
    arg [--build-id] ==> ignore
    arg [--eh-frame-hdr] ==> ignore
    arg [--hash-style=gnu] ==> ignore
    arg [-m] ==> ignore
    arg [elf_x86_64] ==> ignore
    arg [-export-dynamic] ==> ignore
    arg [-dynamic-linker] ==> ignore
    arg [/lib64/ld-linux-x86-64.so.2] ==> ignore
    arg [-o] ==> ignore
    arg [cmTC_43c01] ==> ignore
    arg [/usr/lib64/gcc/x86_64-poky-linux/5.3.0/../../../../lib64/crt1.o] ==> ignore
    arg [/usr/lib64/gcc/x86_64-poky-linux/5.3.0/../../../../lib64/crti.o] ==> ignore
    arg [/usr/lib64/gcc/x86_64-poky-linux/5.3.0/../../../../lib64/x86_64-poky-linux/5.3.0/crtbegin.o] ==> ignore
    arg [-L/usr/lib64/gcc/x86_64-poky-linux/5.3.0] ==> dir [/usr/lib64/gcc/x86_64-poky-linux/5.3.0]
    arg [-L/usr/lib64/gcc/x86_64-poky-linux/5.3.0/../../../../lib64/x86_64-poky-linux/5.3.0] ==> dir [/usr/lib64/gcc/x86_64-poky-linux/5.3.0/../../../../lib64/x86_64-poky-linux/5.3.0]
    arg [-L/usr/lib64/gcc/x86_64-poky-linux/5.3.0/../../../x86_64-poky-linux/5.3.0] ==> dir [/usr/lib64/gcc/x86_64-poky-linux/5.3.0/../../../x86_64-poky-linux/5.3.0]
    arg [-L/usr/lib64/gcc/x86_64-poky-linux/5.3.0/../../../../lib64] ==> dir [/usr/lib64/gcc/x86_64-poky-linux/5.3.0/../../../../lib64]
    arg [-L/lib64/../lib64] ==> dir [/lib64/../lib64]
    arg [-L/usr/lib64/../lib64/x86_64-poky-linux/5.3.0] ==> dir [/usr/lib64/../lib64/x86_64-poky-linux/5.3.0]
    arg [-L/usr/lib64/x86_64-poky-linux/5.3.0] ==> dir [/usr/lib64/x86_64-poky-linux/5.3.0]
    arg [-L/usr/lib64/../lib64] ==> dir [/usr/lib64/../lib64]
    arg [-L/usr/lib64/gcc/x86_64-poky-linux/5.3.0/../../..] ==> dir [/usr/lib64/gcc/x86_64-poky-linux/5.3.0/../../..]
    arg [-L/lib64] ==> dir [/lib64]
    arg [-L/usr/lib64] ==> dir [/usr/lib64]
    arg [CMakeFiles/cmTC_43c01.dir/CMakeCCompilerABI.c.o] ==> ignore
    arg [-lgcc] ==> lib [gcc]
    arg [--as-needed] ==> ignore
    arg [-lgcc_s] ==> lib [gcc_s]
    arg [--no-as-needed] ==> ignore
    arg [-lc] ==> lib [c]
    arg [-lgcc] ==> lib [gcc]
    arg [--as-needed] ==> ignore
    arg [-lgcc_s] ==> lib [gcc_s]
    arg [--no-as-needed] ==> ignore
    arg [/usr/lib64/gcc/x86_64-poky-linux/5.3.0/../../../../lib64/x86_64-poky-linux/5.3.0/crtend.o] ==> ignore
    arg [/usr/lib64/gcc/x86_64-poky-linux/5.3.0/../../../../lib64/crtn.o] ==> ignore
  remove lib [gcc]
  remove lib [gcc_s]
  remove lib [gcc]
  remove lib [gcc_s]
  collapse library dir [/usr/lib64/gcc/x86_64-poky-linux/5.3.0] ==> [/usr/lib64/gcc/x86_64-poky-linux/5.3.0]
  collapse library dir [/usr/lib64/gcc/x86_64-poky-linux/5.3.0/../../../../lib64/x86_64-poky-linux/5.3.0] ==> [/usr/lib64/x86_64-poky-linux/5.3.0]
  collapse library dir [/usr/lib64/gcc/x86_64-poky-linux/5.3.0/../../../x86_64-poky-linux/5.3.0] ==> [/usr/lib64/x86_64-poky-linux/5.3.0]
  collapse library dir [/usr/lib64/gcc/x86_64-poky-linux/5.3.0/../../../../lib64] ==> [/usr/lib64]
  collapse library dir [/lib64/../lib64] ==> [/lib64]
  collapse library dir [/usr/lib64/../lib64/x86_64-poky-linux/5.3.0] ==> [/usr/lib64/x86_64-poky-linux/5.3.0]
  collapse library dir [/usr/lib64/x86_64-poky-linux/5.3.0] ==> [/usr/lib64/x86_64-poky-linux/5.3.0]
  collapse library dir [/usr/lib64/../lib64] ==> [/usr/lib64]
  collapse library dir [/usr/lib64/gcc/x86_64-poky-linux/5.3.0/../../..] ==> [/usr/lib64]
  collapse library dir [/lib64] ==> [/lib64]
  collapse library dir [/usr/lib64] ==> [/usr/lib64]
  implicit libs: [c]
  implicit dirs: [/usr/lib64/gcc/x86_64-poky-linux/5.3.0;/usr/lib64/x86_64-poky-linux/5.3.0;/usr/lib64;/lib64]
  implicit fwks: []




Detecting C [-std=c11] compiler features compiled with the following output:
Change Dir: /home/root/Work/nemoapps/build/CMakeFiles/CMakeTmp

Run Build Command:"/usr/bin/make" "cmTC_3a4e2/fast"
/usr/bin/make -f CMakeFiles/cmTC_3a4e2.dir/build.make CMakeFiles/cmTC_3a4e2.dir/build
make[1]: Entering directory '/home/root/Work/nemoapps/build/CMakeFiles/CMakeTmp'
Building C object CMakeFiles/cmTC_3a4e2.dir/feature_tests.c.o
/usr/bin/cc    -std=c11 -o CMakeFiles/cmTC_3a4e2.dir/feature_tests.c.o   -c /home/root/Work/nemoapps/build/CMakeFiles/feature_tests.c
Linking C executable cmTC_3a4e2
/usr/bin/cmake -E cmake_link_script CMakeFiles/cmTC_3a4e2.dir/link.txt --verbose=1
/usr/bin/cc       CMakeFiles/cmTC_3a4e2.dir/feature_tests.c.o  -o cmTC_3a4e2 -rdynamic 
make[1]: Leaving directory '/home/root/Work/nemoapps/build/CMakeFiles/CMakeTmp'


    Feature record: C_FEATURE:1c_function_prototypes
    Feature record: C_FEATURE:1c_restrict
    Feature record: C_FEATURE:1c_static_assert
    Feature record: C_FEATURE:1c_variadic_macros


Detecting C [-std=c99] compiler features compiled with the following output:
Change Dir: /home/root/Work/nemoapps/build/CMakeFiles/CMakeTmp

Run Build Command:"/usr/bin/make" "cmTC_16cac/fast"
/usr/bin/make -f CMakeFiles/cmTC_16cac.dir/build.make CMakeFiles/cmTC_16cac.dir/build
make[1]: Entering directory '/home/root/Work/nemoapps/build/CMakeFiles/CMakeTmp'
Building C object CMakeFiles/cmTC_16cac.dir/feature_tests.c.o
/usr/bin/cc    -std=c99 -o CMakeFiles/cmTC_16cac.dir/feature_tests.c.o   -c /home/root/Work/nemoapps/build/CMakeFiles/feature_tests.c
Linking C executable cmTC_16cac
/usr/bin/cmake -E cmake_link_script CMakeFiles/cmTC_16cac.dir/link.txt --verbose=1
/usr/bin/cc       CMakeFiles/cmTC_16cac.dir/feature_tests.c.o  -o cmTC_16cac -rdynamic 
make[1]: Leaving directory '/home/root/Work/nemoapps/build/CMakeFiles/CMakeTmp'


    Feature record: C_FEATURE:1c_function_prototypes
    Feature record: C_FEATURE:1c_restrict
    Feature record: C_FEATURE:0c_static_assert
    Feature record: C_FEATURE:1c_variadic_macros


Detecting C [-std=c90] compiler features compiled with the following output:
Change Dir: /home/root/Work/nemoapps/build/CMakeFiles/CMakeTmp

Run Build Command:"/usr/bin/make" "cmTC_1e49a/fast"
/usr/bin/make -f CMakeFiles/cmTC_1e49a.dir/build.make CMakeFiles/cmTC_1e49a.dir/build
make[1]: Entering directory '/home/root/Work/nemoapps/build/CMakeFiles/CMakeTmp'
Building C object CMakeFiles/cmTC_1e49a.dir/feature_tests.c.o
/usr/bin/cc    -std=c90 -o CMakeFiles/cmTC_1e49a.dir/feature_tests.c.o   -c /home/root/Work/nemoapps/build/CMakeFiles/feature_tests.c
Linking C executable cmTC_1e49a
/usr/bin/cmake -E cmake_link_script CMakeFiles/cmTC_1e49a.dir/link.txt --verbose=1
/usr/bin/cc       CMakeFiles/cmTC_1e49a.dir/feature_tests.c.o  -o cmTC_1e49a -rdynamic 
make[1]: Leaving directory '/home/root/Work/nemoapps/build/CMakeFiles/CMakeTmp'


    Feature record: C_FEATURE:1c_function_prototypes
    Feature record: C_FEATURE:0c_restrict
    Feature record: C_FEATURE:0c_static_assert
    Feature record: C_FEATURE:0c_variadic_macros
Determining if the CXX compiler works passed with the following output:
Change Dir: /home/root/Work/nemoapps/build/CMakeFiles/CMakeTmp

Run Build Command:"/usr/bin/make" "cmTC_2b5b6/fast"
/usr/bin/make -f CMakeFiles/cmTC_2b5b6.dir/build.make CMakeFiles/cmTC_2b5b6.dir/build
make[1]: Entering directory '/home/root/Work/nemoapps/build/CMakeFiles/CMakeTmp'
Building CXX object CMakeFiles/cmTC_2b5b6.dir/testCXXCompiler.cxx.o
/usr/bin/c++      -o CMakeFiles/cmTC_2b5b6.dir/testCXXCompiler.cxx.o -c /home/root/Work/nemoapps/build/CMakeFiles/CMakeTmp/testCXXCompiler.cxx
Linking CXX executable cmTC_2b5b6
/usr/bin/cmake -E cmake_link_script CMakeFiles/cmTC_2b5b6.dir/link.txt --verbose=1
/usr/bin/c++        CMakeFiles/cmTC_2b5b6.dir/testCXXCompiler.cxx.o  -o cmTC_2b5b6 -rdynamic 
make[1]: Leaving directory '/home/root/Work/nemoapps/build/CMakeFiles/CMakeTmp'


Detecting CXX compiler ABI info compiled with the following output:
Change Dir: /home/root/Work/nemoapps/build/CMakeFiles/CMakeTmp

Run Build Command:"/usr/bin/make" "cmTC_51352/fast"
/usr/bin/make -f CMakeFiles/cmTC_51352.dir/build.make CMakeFiles/cmTC_51352.dir/build
make[1]: Entering directory '/home/root/Work/nemoapps/build/CMakeFiles/CMakeTmp'
Building CXX object CMakeFiles/cmTC_51352.dir/CMakeCXXCompilerABI.cpp.o
/usr/bin/c++      -o CMakeFiles/cmTC_51352.dir/CMakeCXXCompilerABI.cpp.o -c /usr/share/cmake-3.4/Modules/CMakeCXXCompilerABI.cpp
Linking CXX executable cmTC_51352
/usr/bin/cmake -E cmake_link_script CMakeFiles/cmTC_51352.dir/link.txt --verbose=1
/usr/bin/c++       -v CMakeFiles/cmTC_51352.dir/CMakeCXXCompilerABI.cpp.o  -o cmTC_51352 -rdynamic  
Using built-in specs.
COLLECT_GCC=/usr/bin/c++
COLLECT_LTO_WRAPPER=/usr/libexec/gcc/x86_64-poky-linux/5.3.0/lto-wrapper
Target: x86_64-poky-linux
Configured with: ../../../../../../work-shared/gcc-5.3.0-r0/gcc-5.3.0/configure --build=x86_64-linux --host=x86_64-poky-linux --target=x86_64-poky-linux --prefix=/usr --exec_prefix=/usr --bindir=/usr/bin --sbindir=/usr/sbin --libexecdir=/usr/libexec --datadir=/usr/share --sysconfdir=/etc --sharedstatedir=/com --localstatedir=/var --libdir=/usr/lib64 --includedir=/usr/include --oldincludedir=/usr/include --infodir=/usr/share/info --mandir=/usr/share/man --disable-silent-rules --disable-dependency-tracking --with-libtool-sysroot=/home/gtgkjh/Work/build_2.1/tmp/sysroots/intel-corei7-64 --with-gnu-ld --enable-shared --enable-languages=c,c++ --enable-threads=posix --enable-multilib --enable-c99 --enable-long-long --enable-symvers=gnu --enable-libstdcxx-pch --program-prefix=x86_64-poky-linux- --without-local-prefix --enable-lto --enable-libssp --enable-libitm --disable-bootstrap --disable-libmudflap --with-system-zlib --with-linker-hash-style=gnu --enable-linker-build-id --with-ppl=no --with-cloog=no --enable-checking=release --enable-cheaders=c_global --without-isl --with-sysroot=/ --with-build-sysroot=/home/gtgkjh/Work/build_2.1/tmp/sysroots/intel-corei7-64 --with-gxx-include-dir=/usr/include/c++/5.3.0 --disable-static --enable-nls --enable-__cxa_atexit
Thread model: posix
gcc version 5.3.0 (GCC) 
COMPILER_PATH=/usr/libexec/gcc/x86_64-poky-linux/5.3.0/:/usr/libexec/gcc/x86_64-poky-linux/5.3.0/:/usr/libexec/gcc/x86_64-poky-linux/:/usr/lib64/gcc/x86_64-poky-linux/5.3.0/:/usr/lib64/gcc/x86_64-poky-linux/:/usr/lib64/gcc/x86_64-poky-linux/5.3.0/../../../../x86_64-poky-linux/bin/
LIBRARY_PATH=/usr/lib64/gcc/x86_64-poky-linux/5.3.0/:/usr/lib64/gcc/x86_64-poky-linux/5.3.0/../../../../lib64/x86_64-poky-linux/5.3.0/:/usr/lib64/gcc/x86_64-poky-linux/5.3.0/../../../x86_64-poky-linux/5.3.0/:/usr/lib64/gcc/x86_64-poky-linux/5.3.0/../../../../lib64/:/lib64/../lib64/:/usr/lib64/../lib64/x86_64-poky-linux/5.3.0/:/usr/lib64/x86_64-poky-linux/5.3.0/:/usr/lib64/../lib64/:/usr/lib64/gcc/x86_64-poky-linux/5.3.0/../../../:/lib64/:/usr/lib64/
COLLECT_GCC_OPTIONS='-v' '-o' 'cmTC_51352' '-rdynamic' '-shared-libgcc' '-mtune=generic' '-march=x86-64'
 /usr/libexec/gcc/x86_64-poky-linux/5.3.0/collect2 -plugin /usr/libexec/gcc/x86_64-poky-linux/5.3.0/liblto_plugin.so -plugin-opt=/usr/libexec/gcc/x86_64-poky-linux/5.3.0/lto-wrapper -plugin-opt=-fresolution=/tmp/cc8qehM8.res -plugin-opt=-pass-through=-lgcc_s -plugin-opt=-pass-through=-lgcc -plugin-opt=-pass-through=-lc -plugin-opt=-pass-through=-lgcc_s -plugin-opt=-pass-through=-lgcc --sysroot=/ --build-id --eh-frame-hdr --hash-style=gnu -m elf_x86_64 -export-dynamic -dynamic-linker /lib64/ld-linux-x86-64.so.2 -o cmTC_51352 /usr/lib64/gcc/x86_64-poky-linux/5.3.0/../../../../lib64/crt1.o /usr/lib64/gcc/x86_64-poky-linux/5.3.0/../../../../lib64/crti.o /usr/lib64/gcc/x86_64-poky-linux/5.3.0/../../../../lib64/x86_64-poky-linux/5.3.0/crtbegin.o -L/usr/lib64/gcc/x86_64-poky-linux/5.3.0 -L/usr/lib64/gcc/x86_64-poky-linux/5.3.0/../../../../lib64/x86_64-poky-linux/5.3.0 -L/usr/lib64/gcc/x86_64-poky-linux/5.3.0/../../../x86_64-poky-linux/5.3.0 -L/usr/lib64/gcc/x86_64-poky-linux/5.3.0/../../../../lib64 -L/lib64/../lib64 -L/usr/lib64/../lib64/x86_64-poky-linux/5.3.0 -L/usr/lib64/x86_64-poky-linux/5.3.0 -L/usr/lib64/../lib64 -L/usr/lib64/gcc/x86_64-poky-linux/5.3.0/../../.. -L/lib64 -L/usr/lib64 CMakeFiles/cmTC_51352.dir/CMakeCXXCompilerABI.cpp.o -lstdc++ -lm -lgcc_s -lgcc -lc -lgcc_s -lgcc /usr/lib64/gcc/x86_64-poky-linux/5.3.0/../../../../lib64/x86_64-poky-linux/5.3.0/crtend.o /usr/lib64/gcc/x86_64-poky-linux/5.3.0/../../../../lib64/crtn.o
make[1]: Leaving directory '/home/root/Work/nemoapps/build/CMakeFiles/CMakeTmp'


Parsed CXX implicit link information from above output:
  link line regex: [^( *|.*[/\])(ld|([^/\]+-)?ld|collect2)[^/\]*( |$)]
  ignore line: [Change Dir: /home/root/Work/nemoapps/build/CMakeFiles/CMakeTmp]
  ignore line: []
  ignore line: [Run Build Command:"/usr/bin/make" "cmTC_51352/fast"]
  ignore line: [/usr/bin/make -f CMakeFiles/cmTC_51352.dir/build.make CMakeFiles/cmTC_51352.dir/build]
  ignore line: [make[1]: Entering directory '/home/root/Work/nemoapps/build/CMakeFiles/CMakeTmp']
  ignore line: [Building CXX object CMakeFiles/cmTC_51352.dir/CMakeCXXCompilerABI.cpp.o]
  ignore line: [/usr/bin/c++      -o CMakeFiles/cmTC_51352.dir/CMakeCXXCompilerABI.cpp.o -c /usr/share/cmake-3.4/Modules/CMakeCXXCompilerABI.cpp]
  ignore line: [Linking CXX executable cmTC_51352]
  ignore line: [/usr/bin/cmake -E cmake_link_script CMakeFiles/cmTC_51352.dir/link.txt --verbose=1]
  ignore line: [/usr/bin/c++       -v CMakeFiles/cmTC_51352.dir/CMakeCXXCompilerABI.cpp.o  -o cmTC_51352 -rdynamic  ]
  ignore line: [Using built-in specs.]
  ignore line: [COLLECT_GCC=/usr/bin/c++]
  ignore line: [COLLECT_LTO_WRAPPER=/usr/libexec/gcc/x86_64-poky-linux/5.3.0/lto-wrapper]
  ignore line: [Target: x86_64-poky-linux]
  ignore line: [Configured with: ../../../../../../work-shared/gcc-5.3.0-r0/gcc-5.3.0/configure --build=x86_64-linux --host=x86_64-poky-linux --target=x86_64-poky-linux --prefix=/usr --exec_prefix=/usr --bindir=/usr/bin --sbindir=/usr/sbin --libexecdir=/usr/libexec --datadir=/usr/share --sysconfdir=/etc --sharedstatedir=/com --localstatedir=/var --libdir=/usr/lib64 --includedir=/usr/include --oldincludedir=/usr/include --infodir=/usr/share/info --mandir=/usr/share/man --disable-silent-rules --disable-dependency-tracking --with-libtool-sysroot=/home/gtgkjh/Work/build_2.1/tmp/sysroots/intel-corei7-64 --with-gnu-ld --enable-shared --enable-languages=c,c++ --enable-threads=posix --enable-multilib --enable-c99 --enable-long-long --enable-symvers=gnu --enable-libstdcxx-pch --program-prefix=x86_64-poky-linux- --without-local-prefix --enable-lto --enable-libssp --enable-libitm --disable-bootstrap --disable-libmudflap --with-system-zlib --with-linker-hash-style=gnu --enable-linker-build-id --with-ppl=no --with-cloog=no --enable-checking=release --enable-cheaders=c_global --without-isl --with-sysroot=/ --with-build-sysroot=/home/gtgkjh/Work/build_2.1/tmp/sysroots/intel-corei7-64 --with-gxx-include-dir=/usr/include/c++/5.3.0 --disable-static --enable-nls --enable-__cxa_atexit]
  ignore line: [Thread model: posix]
  ignore line: [gcc version 5.3.0 (GCC) ]
  ignore line: [COMPILER_PATH=/usr/libexec/gcc/x86_64-poky-linux/5.3.0/:/usr/libexec/gcc/x86_64-poky-linux/5.3.0/:/usr/libexec/gcc/x86_64-poky-linux/:/usr/lib64/gcc/x86_64-poky-linux/5.3.0/:/usr/lib64/gcc/x86_64-poky-linux/:/usr/lib64/gcc/x86_64-poky-linux/5.3.0/../../../../x86_64-poky-linux/bin/]
  ignore line: [LIBRARY_PATH=/usr/lib64/gcc/x86_64-poky-linux/5.3.0/:/usr/lib64/gcc/x86_64-poky-linux/5.3.0/../../../../lib64/x86_64-poky-linux/5.3.0/:/usr/lib64/gcc/x86_64-poky-linux/5.3.0/../../../x86_64-poky-linux/5.3.0/:/usr/lib64/gcc/x86_64-poky-linux/5.3.0/../../../../lib64/:/lib64/../lib64/:/usr/lib64/../lib64/x86_64-poky-linux/5.3.0/:/usr/lib64/x86_64-poky-linux/5.3.0/:/usr/lib64/../lib64/:/usr/lib64/gcc/x86_64-poky-linux/5.3.0/../../../:/lib64/:/usr/lib64/]
  ignore line: [COLLECT_GCC_OPTIONS='-v' '-o' 'cmTC_51352' '-rdynamic' '-shared-libgcc' '-mtune=generic' '-march=x86-64']
  link line: [ /usr/libexec/gcc/x86_64-poky-linux/5.3.0/collect2 -plugin /usr/libexec/gcc/x86_64-poky-linux/5.3.0/liblto_plugin.so -plugin-opt=/usr/libexec/gcc/x86_64-poky-linux/5.3.0/lto-wrapper -plugin-opt=-fresolution=/tmp/cc8qehM8.res -plugin-opt=-pass-through=-lgcc_s -plugin-opt=-pass-through=-lgcc -plugin-opt=-pass-through=-lc -plugin-opt=-pass-through=-lgcc_s -plugin-opt=-pass-through=-lgcc --sysroot=/ --build-id --eh-frame-hdr --hash-style=gnu -m elf_x86_64 -export-dynamic -dynamic-linker /lib64/ld-linux-x86-64.so.2 -o cmTC_51352 /usr/lib64/gcc/x86_64-poky-linux/5.3.0/../../../../lib64/crt1.o /usr/lib64/gcc/x86_64-poky-linux/5.3.0/../../../../lib64/crti.o /usr/lib64/gcc/x86_64-poky-linux/5.3.0/../../../../lib64/x86_64-poky-linux/5.3.0/crtbegin.o -L/usr/lib64/gcc/x86_64-poky-linux/5.3.0 -L/usr/lib64/gcc/x86_64-poky-linux/5.3.0/../../../../lib64/x86_64-poky-linux/5.3.0 -L/usr/lib64/gcc/x86_64-poky-linux/5.3.0/../../../x86_64-poky-linux/5.3.0 -L/usr/lib64/gcc/x86_64-poky-linux/5.3.0/../../../../lib64 -L/lib64/../lib64 -L/usr/lib64/../lib64/x86_64-poky-linux/5.3.0 -L/usr/lib64/x86_64-poky-linux/5.3.0 -L/usr/lib64/../lib64 -L/usr/lib64/gcc/x86_64-poky-linux/5.3.0/../../.. -L/lib64 -L/usr/lib64 CMakeFiles/cmTC_51352.dir/CMakeCXXCompilerABI.cpp.o -lstdc++ -lm -lgcc_s -lgcc -lc -lgcc_s -lgcc /usr/lib64/gcc/x86_64-poky-linux/5.3.0/../../../../lib64/x86_64-poky-linux/5.3.0/crtend.o /usr/lib64/gcc/x86_64-poky-linux/5.3.0/../../../../lib64/crtn.o]
    arg [/usr/libexec/gcc/x86_64-poky-linux/5.3.0/collect2] ==> ignore
    arg [-plugin] ==> ignore
    arg [/usr/libexec/gcc/x86_64-poky-linux/5.3.0/liblto_plugin.so] ==> ignore
    arg [-plugin-opt=/usr/libexec/gcc/x86_64-poky-linux/5.3.0/lto-wrapper] ==> ignore
    arg [-plugin-opt=-fresolution=/tmp/cc8qehM8.res] ==> ignore
    arg [-plugin-opt=-pass-through=-lgcc_s] ==> ignore
    arg [-plugin-opt=-pass-through=-lgcc] ==> ignore
    arg [-plugin-opt=-pass-through=-lc] ==> ignore
    arg [-plugin-opt=-pass-through=-lgcc_s] ==> ignore
    arg [-plugin-opt=-pass-through=-lgcc] ==> ignore
    arg [--sysroot=/] ==> ignore
    arg [--build-id] ==> ignore
    arg [--eh-frame-hdr] ==> ignore
    arg [--hash-style=gnu] ==> ignore
    arg [-m] ==> ignore
    arg [elf_x86_64] ==> ignore
    arg [-export-dynamic] ==> ignore
    arg [-dynamic-linker] ==> ignore
    arg [/lib64/ld-linux-x86-64.so.2] ==> ignore
    arg [-o] ==> ignore
    arg [cmTC_51352] ==> ignore
    arg [/usr/lib64/gcc/x86_64-poky-linux/5.3.0/../../../../lib64/crt1.o] ==> ignore
    arg [/usr/lib64/gcc/x86_64-poky-linux/5.3.0/../../../../lib64/crti.o] ==> ignore
    arg [/usr/lib64/gcc/x86_64-poky-linux/5.3.0/../../../../lib64/x86_64-poky-linux/5.3.0/crtbegin.o] ==> ignore
    arg [-L/usr/lib64/gcc/x86_64-poky-linux/5.3.0] ==> dir [/usr/lib64/gcc/x86_64-poky-linux/5.3.0]
    arg [-L/usr/lib64/gcc/x86_64-poky-linux/5.3.0/../../../../lib64/x86_64-poky-linux/5.3.0] ==> dir [/usr/lib64/gcc/x86_64-poky-linux/5.3.0/../../../../lib64/x86_64-poky-linux/5.3.0]
    arg [-L/usr/lib64/gcc/x86_64-poky-linux/5.3.0/../../../x86_64-poky-linux/5.3.0] ==> dir [/usr/lib64/gcc/x86_64-poky-linux/5.3.0/../../../x86_64-poky-linux/5.3.0]
    arg [-L/usr/lib64/gcc/x86_64-poky-linux/5.3.0/../../../../lib64] ==> dir [/usr/lib64/gcc/x86_64-poky-linux/5.3.0/../../../../lib64]
    arg [-L/lib64/../lib64] ==> dir [/lib64/../lib64]
    arg [-L/usr/lib64/../lib64/x86_64-poky-linux/5.3.0] ==> dir [/usr/lib64/../lib64/x86_64-poky-linux/5.3.0]
    arg [-L/usr/lib64/x86_64-poky-linux/5.3.0] ==> dir [/usr/lib64/x86_64-poky-linux/5.3.0]
    arg [-L/usr/lib64/../lib64] ==> dir [/usr/lib64/../lib64]
    arg [-L/usr/lib64/gcc/x86_64-poky-linux/5.3.0/../../..] ==> dir [/usr/lib64/gcc/x86_64-poky-linux/5.3.0/../../..]
    arg [-L/lib64] ==> dir [/lib64]
    arg [-L/usr/lib64] ==> dir [/usr/lib64]
    arg [CMakeFiles/cmTC_51352.dir/CMakeCXXCompilerABI.cpp.o] ==> ignore
    arg [-lstdc++] ==> lib [stdc++]
    arg [-lm] ==> lib [m]
    arg [-lgcc_s] ==> lib [gcc_s]
    arg [-lgcc] ==> lib [gcc]
    arg [-lc] ==> lib [c]
    arg [-lgcc_s] ==> lib [gcc_s]
    arg [-lgcc] ==> lib [gcc]
    arg [/usr/lib64/gcc/x86_64-poky-linux/5.3.0/../../../../lib64/x86_64-poky-linux/5.3.0/crtend.o] ==> ignore
    arg [/usr/lib64/gcc/x86_64-poky-linux/5.3.0/../../../../lib64/crtn.o] ==> ignore
  remove lib [gcc_s]
  remove lib [gcc]
  remove lib [gcc_s]
  remove lib [gcc]
  collapse library dir [/usr/lib64/gcc/x86_64-poky-linux/5.3.0] ==> [/usr/lib64/gcc/x86_64-poky-linux/5.3.0]
  collapse library dir [/usr/lib64/gcc/x86_64-poky-linux/5.3.0/../../../../lib64/x86_64-poky-linux/5.3.0] ==> [/usr/lib64/x86_64-poky-linux/5.3.0]
  collapse library dir [/usr/lib64/gcc/x86_64-poky-linux/5.3.0/../../../x86_64-poky-linux/5.3.0] ==> [/usr/lib64/x86_64-poky-linux/5.3.0]
  collapse library dir [/usr/lib64/gcc/x86_64-poky-linux/5.3.0/../../../../lib64] ==> [/usr/lib64]
  collapse library dir [/lib64/../lib64] ==> [/lib64]
  collapse library dir [/usr/lib64/../lib64/x86_64-poky-linux/5.3.0] ==> [/usr/lib64/x86_64-poky-linux/5.3.0]
  collapse library dir [/usr/lib64/x86_64-poky-linux/5.3.0] ==> [/usr/lib64/x86_64-poky-linux/5.3.0]
  collapse library dir [/usr/lib64/../lib64] ==> [/usr/lib64]
  collapse library dir [/usr/lib64/gcc/x86_64-poky-linux/5.3.0/../../..] ==> [/usr/lib64]
  collapse library dir [/lib64] ==> [/lib64]
  collapse library dir [/usr/lib64] ==> [/usr/lib64]
  implicit libs: [stdc++;m;c]
  implicit dirs: [/usr/lib64/gcc/x86_64-poky-linux/5.3.0;/usr/lib64/x86_64-poky-linux/5.3.0;/usr/lib64;/lib64]
  implicit fwks: []




Detecting CXX [-std=c++14] compiler features compiled with the following output:
Change Dir: /home/root/Work/nemoapps/build/CMakeFiles/CMakeTmp

Run Build Command:"/usr/bin/make" "cmTC_02f90/fast"
/usr/bin/make -f CMakeFiles/cmTC_02f90.dir/build.make CMakeFiles/cmTC_02f90.dir/build
make[1]: Entering directory '/home/root/Work/nemoapps/build/CMakeFiles/CMakeTmp'
Building CXX object CMakeFiles/cmTC_02f90.dir/feature_tests.cxx.o
/usr/bin/c++     -std=c++14 -o CMakeFiles/cmTC_02f90.dir/feature_tests.cxx.o -c /home/root/Work/nemoapps/build/CMakeFiles/feature_tests.cxx
Linking CXX executable cmTC_02f90
/usr/bin/cmake -E cmake_link_script CMakeFiles/cmTC_02f90.dir/link.txt --verbose=1
/usr/bin/c++        CMakeFiles/cmTC_02f90.dir/feature_tests.cxx.o  -o cmTC_02f90 -rdynamic 
make[1]: Leaving directory '/home/root/Work/nemoapps/build/CMakeFiles/CMakeTmp'


    Feature record: CXX_FEATURE:1cxx_aggregate_default_initializers
    Feature record: CXX_FEATURE:1cxx_alias_templates
    Feature record: CXX_FEATURE:1cxx_alignas
    Feature record: CXX_FEATURE:1cxx_alignof
    Feature record: CXX_FEATURE:1cxx_attributes
    Feature record: CXX_FEATURE:1cxx_attribute_deprecated
    Feature record: CXX_FEATURE:1cxx_auto_type
    Feature record: CXX_FEATURE:1cxx_binary_literals
    Feature record: CXX_FEATURE:1cxx_constexpr
    Feature record: CXX_FEATURE:1cxx_contextual_conversions
    Feature record: CXX_FEATURE:1cxx_decltype
    Feature record: CXX_FEATURE:1cxx_decltype_auto
    Feature record: CXX_FEATURE:1cxx_decltype_incomplete_return_types
    Feature record: CXX_FEATURE:1cxx_default_function_template_args
    Feature record: CXX_FEATURE:1cxx_defaulted_functions
    Feature record: CXX_FEATURE:1cxx_defaulted_move_initializers
    Feature record: CXX_FEATURE:1cxx_delegating_constructors
    Feature record: CXX_FEATURE:1cxx_deleted_functions
    Feature record: CXX_FEATURE:1cxx_digit_separators
    Feature record: CXX_FEATURE:1cxx_enum_forward_declarations
    Feature record: CXX_FEATURE:1cxx_explicit_conversions
    Feature record: CXX_FEATURE:1cxx_extended_friend_declarations
    Feature record: CXX_FEATURE:1cxx_extern_templates
    Feature record: CXX_FEATURE:1cxx_final
    Feature record: CXX_FEATURE:1cxx_func_identifier
    Feature record: CXX_FEATURE:1cxx_generalized_initializers
    Feature record: CXX_FEATURE:1cxx_generic_lambdas
    Feature record: CXX_FEATURE:1cxx_inheriting_constructors
    Feature record: CXX_FEATURE:1cxx_inline_namespaces
    Feature record: CXX_FEATURE:1cxx_lambdas
    Feature record: CXX_FEATURE:1cxx_lambda_init_captures
    Feature record: CXX_FEATURE:1cxx_local_type_template_args
    Feature record: CXX_FEATURE:1cxx_long_long_type
    Feature record: CXX_FEATURE:1cxx_noexcept
    Feature record: CXX_FEATURE:1cxx_nonstatic_member_init
    Feature record: CXX_FEATURE:1cxx_nullptr
    Feature record: CXX_FEATURE:1cxx_override
    Feature record: CXX_FEATURE:1cxx_range_for
    Feature record: CXX_FEATURE:1cxx_raw_string_literals
    Feature record: CXX_FEATURE:1cxx_reference_qualified_functions
    Feature record: CXX_FEATURE:1cxx_relaxed_constexpr
    Feature record: CXX_FEATURE:1cxx_return_type_deduction
    Feature record: CXX_FEATURE:1cxx_right_angle_brackets
    Feature record: CXX_FEATURE:1cxx_rvalue_references
    Feature record: CXX_FEATURE:1cxx_sizeof_member
    Feature record: CXX_FEATURE:1cxx_static_assert
    Feature record: CXX_FEATURE:1cxx_strong_enums
    Feature record: CXX_FEATURE:1cxx_template_template_parameters
    Feature record: CXX_FEATURE:1cxx_thread_local
    Feature record: CXX_FEATURE:1cxx_trailing_return_types
    Feature record: CXX_FEATURE:1cxx_unicode_literals
    Feature record: CXX_FEATURE:1cxx_uniform_initialization
    Feature record: CXX_FEATURE:1cxx_unrestricted_unions
    Feature record: CXX_FEATURE:1cxx_user_literals
    Feature record: CXX_FEATURE:1cxx_variable_templates
    Feature record: CXX_FEATURE:1cxx_variadic_macros
    Feature record: CXX_FEATURE:1cxx_variadic_templates


Detecting CXX [-std=c++11] compiler features compiled with the following output:
Change Dir: /home/root/Work/nemoapps/build/CMakeFiles/CMakeTmp

Run Build Command:"/usr/bin/make" "cmTC_0e893/fast"
/usr/bin/make -f CMakeFiles/cmTC_0e893.dir/build.make CMakeFiles/cmTC_0e893.dir/build
make[1]: Entering directory '/home/root/Work/nemoapps/build/CMakeFiles/CMakeTmp'
Building CXX object CMakeFiles/cmTC_0e893.dir/feature_tests.cxx.o
/usr/bin/c++     -std=c++11 -o CMakeFiles/cmTC_0e893.dir/feature_tests.cxx.o -c /home/root/Work/nemoapps/build/CMakeFiles/feature_tests.cxx
Linking CXX executable cmTC_0e893
/usr/bin/cmake -E cmake_link_script CMakeFiles/cmTC_0e893.dir/link.txt --verbose=1
/usr/bin/c++        CMakeFiles/cmTC_0e893.dir/feature_tests.cxx.o  -o cmTC_0e893 -rdynamic 
make[1]: Leaving directory '/home/root/Work/nemoapps/build/CMakeFiles/CMakeTmp'


    Feature record: CXX_FEATURE:0cxx_aggregate_default_initializers
    Feature record: CXX_FEATURE:1cxx_alias_templates
    Feature record: CXX_FEATURE:1cxx_alignas
    Feature record: CXX_FEATURE:1cxx_alignof
    Feature record: CXX_FEATURE:1cxx_attributes
    Feature record: CXX_FEATURE:0cxx_attribute_deprecated
    Feature record: CXX_FEATURE:1cxx_auto_type
    Feature record: CXX_FEATURE:0cxx_binary_literals
    Feature record: CXX_FEATURE:1cxx_constexpr
    Feature record: CXX_FEATURE:0cxx_contextual_conversions
    Feature record: CXX_FEATURE:1cxx_decltype
    Feature record: CXX_FEATURE:0cxx_decltype_auto
    Feature record: CXX_FEATURE:1cxx_decltype_incomplete_return_types
    Feature record: CXX_FEATURE:1cxx_default_function_template_args
    Feature record: CXX_FEATURE:1cxx_defaulted_functions
    Feature record: CXX_FEATURE:1cxx_defaulted_move_initializers
    Feature record: CXX_FEATURE:1cxx_delegating_constructors
    Feature record: CXX_FEATURE:1cxx_deleted_functions
    Feature record: CXX_FEATURE:0cxx_digit_separators
    Feature record: CXX_FEATURE:1cxx_enum_forward_declarations
    Feature record: CXX_FEATURE:1cxx_explicit_conversions
    Feature record: CXX_FEATURE:1cxx_extended_friend_declarations
    Feature record: CXX_FEATURE:1cxx_extern_templates
    Feature record: CXX_FEATURE:1cxx_final
    Feature record: CXX_FEATURE:1cxx_func_identifier
    Feature record: CXX_FEATURE:1cxx_generalized_initializers
    Feature record: CXX_FEATURE:0cxx_generic_lambdas
    Feature record: CXX_FEATURE:1cxx_inheriting_constructors
    Feature record: CXX_FEATURE:1cxx_inline_namespaces
    Feature record: CXX_FEATURE:1cxx_lambdas
    Feature record: CXX_FEATURE:0cxx_lambda_init_captures
    Feature record: CXX_FEATURE:1cxx_local_type_template_args
    Feature record: CXX_FEATURE:1cxx_long_long_type
    Feature record: CXX_FEATURE:1cxx_noexcept
    Feature record: CXX_FEATURE:1cxx_nonstatic_member_init
    Feature record: CXX_FEATURE:1cxx_nullptr
    Feature record: CXX_FEATURE:1cxx_override
    Feature record: CXX_FEATURE:1cxx_range_for
    Feature record: CXX_FEATURE:1cxx_raw_string_literals
    Feature record: CXX_FEATURE:1cxx_reference_qualified_functions
    Feature record: CXX_FEATURE:0cxx_relaxed_constexpr
    Feature record: CXX_FEATURE:0cxx_return_type_deduction
    Feature record: CXX_FEATURE:1cxx_right_angle_brackets
    Feature record: CXX_FEATURE:1cxx_rvalue_references
    Feature record: CXX_FEATURE:1cxx_sizeof_member
    Feature record: CXX_FEATURE:1cxx_static_assert
    Feature record: CXX_FEATURE:1cxx_strong_enums
    Feature record: CXX_FEATURE:1cxx_template_template_parameters
    Feature record: CXX_FEATURE:1cxx_thread_local
    Feature record: CXX_FEATURE:1cxx_trailing_return_types
    Feature record: CXX_FEATURE:1cxx_unicode_literals
    Feature record: CXX_FEATURE:1cxx_uniform_initialization
    Feature record: CXX_FEATURE:1cxx_unrestricted_unions
    Feature record: CXX_FEATURE:1cxx_user_literals
    Feature record: CXX_FEATURE:0cxx_variable_templates
    Feature record: CXX_FEATURE:1cxx_variadic_macros
    Feature record: CXX_FEATURE:1cxx_variadic_templates


Detecting CXX [-std=c++98] compiler features compiled with the following output:
Change Dir: /home/root/Work/nemoapps/build/CMakeFiles/CMakeTmp

Run Build Command:"/usr/bin/make" "cmTC_17764/fast"
/usr/bin/make -f CMakeFiles/cmTC_17764.dir/build.make CMakeFiles/cmTC_17764.dir/build
make[1]: Entering directory '/home/root/Work/nemoapps/build/CMakeFiles/CMakeTmp'
Building CXX object CMakeFiles/cmTC_17764.dir/feature_tests.cxx.o
/usr/bin/c++     -std=c++98 -o CMakeFiles/cmTC_17764.dir/feature_tests.cxx.o -c /home/root/Work/nemoapps/build/CMakeFiles/feature_tests.cxx
Linking CXX executable cmTC_17764
/usr/bin/cmake -E cmake_link_script CMakeFiles/cmTC_17764.dir/link.txt --verbose=1
/usr/bin/c++        CMakeFiles/cmTC_17764.dir/feature_tests.cxx.o  -o cmTC_17764 -rdynamic 
make[1]: Leaving directory '/home/root/Work/nemoapps/build/CMakeFiles/CMakeTmp'


    Feature record: CXX_FEATURE:0cxx_aggregate_default_initializers
    Feature record: CXX_FEATURE:0cxx_alias_templates
    Feature record: CXX_FEATURE:0cxx_alignas
    Feature record: CXX_FEATURE:0cxx_alignof
    Feature record: CXX_FEATURE:0cxx_attributes
    Feature record: CXX_FEATURE:0cxx_attribute_deprecated
    Feature record: CXX_FEATURE:0cxx_auto_type
    Feature record: CXX_FEATURE:0cxx_binary_literals
    Feature record: CXX_FEATURE:0cxx_constexpr
    Feature record: CXX_FEATURE:0cxx_contextual_conversions
    Feature record: CXX_FEATURE:0cxx_decltype
    Feature record: CXX_FEATURE:0cxx_decltype_auto
    Feature record: CXX_FEATURE:0cxx_decltype_incomplete_return_types
    Feature record: CXX_FEATURE:0cxx_default_function_template_args
    Feature record: CXX_FEATURE:0cxx_defaulted_functions
    Feature record: CXX_FEATURE:0cxx_defaulted_move_initializers
    Feature record: CXX_FEATURE:0cxx_delegating_constructors
    Feature record: CXX_FEATURE:0cxx_deleted_functions
    Feature record: CXX_FEATURE:0cxx_digit_separators
    Feature record: CXX_FEATURE:0cxx_enum_forward_declarations
    Feature record: CXX_FEATURE:0cxx_explicit_conversions
    Feature record: CXX_FEATURE:0cxx_extended_friend_declarations
    Feature record: CXX_FEATURE:0cxx_extern_templates
    Feature record: CXX_FEATURE:0cxx_final
    Feature record: CXX_FEATURE:0cxx_func_identifier
    Feature record: CXX_FEATURE:0cxx_generalized_initializers
    Feature record: CXX_FEATURE:0cxx_generic_lambdas
    Feature record: CXX_FEATURE:0cxx_inheriting_constructors
    Feature record: CXX_FEATURE:0cxx_inline_namespaces
    Feature record: CXX_FEATURE:0cxx_lambdas
    Feature record: CXX_FEATURE:0cxx_lambda_init_captures
    Feature record: CXX_FEATURE:0cxx_local_type_template_args
    Feature record: CXX_FEATURE:0cxx_long_long_type
    Feature record: CXX_FEATURE:0cxx_noexcept
    Feature record: CXX_FEATURE:0cxx_nonstatic_member_init
    Feature record: CXX_FEATURE:0cxx_nullptr
    Feature record: CXX_FEATURE:0cxx_override
    Feature record: CXX_FEATURE:0cxx_range_for
    Feature record: CXX_FEATURE:0cxx_raw_string_literals
    Feature record: CXX_FEATURE:0cxx_reference_qualified_functions
    Feature record: CXX_FEATURE:0cxx_relaxed_constexpr
    Feature record: CXX_FEATURE:0cxx_return_type_deduction
    Feature record: CXX_FEATURE:0cxx_right_angle_brackets
    Feature record: CXX_FEATURE:0cxx_rvalue_references
    Feature record: CXX_FEATURE:0cxx_sizeof_member
    Feature record: CXX_FEATURE:0cxx_static_assert
    Feature record: CXX_FEATURE:0cxx_strong_enums
    Feature record: CXX_FEATURE:1cxx_template_template_parameters
    Feature record: CXX_FEATURE:0cxx_thread_local
    Feature record: CXX_FEATURE:0cxx_trailing_return_types
    Feature record: CXX_FEATURE:0cxx_unicode_literals
    Feature record: CXX_FEATURE:0cxx_uniform_initialization
    Feature record: CXX_FEATURE:0cxx_unrestricted_unions
    Feature record: CXX_FEATURE:0cxx_user_literals
    Feature record: CXX_FEATURE:0cxx_variable_templates
    Feature record: CXX_FEATURE:0cxx_variadic_macros
    Feature record: CXX_FEATURE:0cxx_variadic_templates
